volley/build/intermediates/manifest_merge_blame_file/debug/manifest-merger-blame-debug-report.txt
1<?xml version="1.0" encoding="utf-8"?>
2<manifest xmlns:android="http://schemas.android.com/apk/res/android"
3    xmlns:tools="http://schemas.android.com/tools"
4    package="com.android.volley"
5    android:versionCode="1"
6    android:versionName="1.0" > <!-- Keep in sync with build.gradle -->
7    <uses-sdk
7-->src/main/AndroidManifest.xml:9:5-10:42
8        android:minSdkVersion="8"
8-->src/main/AndroidManifest.xml:9:5-10:42
9        tools:ignore="GradleOverrides" />
9-->src/main/AndroidManifest.xml:10:9-39
10
11    <application />
11-->src/main/AndroidManifest.xml:12:5-20
12
13</manifest>